<?xml version="1.0" encoding="UTF-8"?>
<!-- Generated by org.testng.reporters.JUnitReportReporter -->
<testsuite hostname="XRL404LCQ1" failures="0" tests="1" name="com.delta.test.UI.AdvanceBookingGeneralCargo" time="1.554" errors="0" timestamp="2023-08-30T13:45:24 IST" skipped="0">
  <testcase classname="com.delta.test.UI.AdvanceBookingGeneralCargo" name="createAndConfirmAdvanceBookingForLooseStandard" time="1.554"/>
</testsuite> <!-- com.delta.test.UI.AdvanceBookingGeneralCargo -->
