<?xml version="1.0" encoding="UTF-8"?>
<!-- Generated by org.testng.reporters.JUnitReportReporter -->
<testsuite hostname="XATLCAMP33767" failures="0" tests="1" name="com.delta.test.UI.GuidedBookingParcel" time="44.612" errors="0" timestamp="2023-09-29T19:00:11 EDT" skipped="0">
  <testcase classname="com.delta.test.UI.GuidedBookingParcel" name="createAndConfirmGuidedBookingForParcels_STANDARD_NA_Domestic" time="44.612">
    <system-out>
      <![CDATA[user logged In Sucessfully]]>
    </system-out>
  </testcase> <!-- createAndConfirmGuidedBookingForParcels_STANDARD_NA_Domestic -->
  <system-out>
    <![CDATA[user logged In Sucessfully]]>
  </system-out>
</testsuite> <!-- com.delta.test.UI.GuidedBookingParcel -->
